<?xml version="1.0" encoding="UTF-8"?>
<!-- Generated by org.testng.reporters.JUnitReportReporter -->
<testsuite hostname="DESKTOP-7IG6DEA" failures="0" tests="1" name="jenkin.jenkinTest.mavenCommand" time="1.695" errors="0" timestamp="2024-03-13T18:26:26 IST" skipped="0">
  <testcase classname="jenkin.jenkinTest.mavenCommand" name="initiateBrowser" time="1.695"/>
</testsuite> <!-- jenkin.jenkinTest.mavenCommand -->
